[0.009s] Invoking command in '/home/blor/ros2_ws2/build/chrono_sim': CMAKE_PREFIX_PATH=${CMAKE_PREFIX_PATH}:/opt/ros/humble /usr/bin/cmake --build /home/blor/ros2_ws2/build/chrono_sim -- -j16 -l16
[0.031s] -- Finding package Chrono...
[0.032s] --    Requested component Irrlicht (REQUIRED)
[0.032s] --    Requested component Vehicle (REQUIRED)
[0.032s] --    Requested component Parsers (REQUIRED)
[0.034s] --    Requested component Ros (REQUIRED)
[0.034s] --    CHRONO_CXX_FLAGS         (Compiler flags): ;-fopenmp;-march=native
[0.034s] --    CHRONO_C_FLAGS           (Compiler flags): ;-fopenmp;-march=native
[0.034s] --    CHRONO_LINKER_FLAGS      (Linker flags): -L/usr/local/lib
[0.034s] --    CHRONO_INCLUDE_DIRS      (Chrono include directories): /usr/local/include;/usr/local/include/chrono;/usr/local/include/chrono/collision/bullet;/usr/local/include/chrono/collision/gimpact;/usr/local/include/chrono_thirdparty/HACD;/usr/local/include/chrono_thirdparty/HACDv2;/usr/include/eigen3;/usr/local/cuda/include;/usr/include/irrlicht;;/opt/ros/humble/lib/x86_64-linux-gnu/urdfdom/cmake/../../../../include/urdfdom;/usr/include;/opt/ros/humble/lib/x86_64-linux-gnu/urdfdom_headers/cmake/../../../../include/urdfdom_headers;/usr/include;/home/blor/ros2_ws/install/turtlesim;/home/blor/ros2_ws/install/chrono_ros_interfaces;/home/blor/Downloads/turtlebot_gazebo_ws/install/turtlebot4_description;/home/blor/Downloads/turtlebot_gazebo_ws/install/turtlebot3_fake_node;/opt/ros/humble/include;/usr/include/python3.10;/home/blor/ros2_ws/install/turtlesim;/home/blor/ros2_ws/install/chrono_ros_interfaces;/home/blor/Downloads/turtlebot_gazebo_ws/install/turtlebot4_description;/home/blor/Downloads/turtlebot_gazebo_ws/install/turtlebot3_fake_node;/opt/ros/humble/include;/opt/ros/humble/include/rclcpp;/opt/ros/humble/include/ament_index_cpp;/opt/ros/humble/include/libstatistics_collector;/opt/ros/humble/include/rcl;/opt/ros/humble/include/rcpputils;/opt/ros/humble/include/rcutils;/opt/ros/humble/include/builtin_interfaces;/opt/ros/humble/include/rosgraph_msgs;/opt/ros/humble/include/rosidl_typesupport_cpp;/opt/ros/humble/include/rosidl_typesupport_c;/opt/ros/humble/include/rosidl_runtime_cpp;/opt/ros/humble/include/rcl_yaml_param_parser;/opt/ros/humble/include/statistics_msgs;/opt/ros/humble/include/tracetools;/opt/ros/humble/include/rosidl_runtime_c;/opt/ros/humble/include/rosidl_typesupport_interface;/opt/ros/humble/include/rosidl_typesupport_fastrtps_c;/opt/ros/humble/include/rosidl_typesupport_fastrtps_cpp;/opt/ros/humble/include/rmw;/opt/ros/humble/include/rcl_interfaces;/opt/ros/humble/include/rosidl_typesupport_introspection_c;/opt/ros/humble/include/rosidl_typesupport_introspection_cpp;/opt/ros/humble/include/std_msgs;/opt/ros/humble/include/geometry_msgs;/opt/ros/humble/include/sensor_msgs;/opt/ros/humble/include/tf2_ros;/opt/ros/humble/include/rclcpp_components;/opt/ros/humble/include/message_filters;/opt/ros/humble/include/rclcpp_action;/opt/ros/humble/include/tf2;/opt/ros/humble/include/tf2_msgs;/opt/ros/humble/include/action_msgs;/home/blor/ros2_ws/install/chrono_ros_interfaces/include/chrono_ros_interfaces
[0.034s] --    CHRONO_LIB_NAMES         (Chrono library names): ChronoEngine_ros;ChronoEngine_parsers;ChronoEngine_vehicle_irrlicht;ChronoModels_vehicle;ChronoEngine_vehicle;ChronoEngine_irrlicht;ChronoModels_robot;ChronoEngine
[0.035s] --    CHRONO_LIBRARIES         (Chrono libraries): /usr/lib/gcc/x86_64-linux-gnu/11/libgomp.so;/usr/lib/x86_64-linux-gnu/libpthread.a;;urdfdom::urdfdom_model;urdfdom::urdfdom_world;urdfdom::urdfdom_sensor;tinyxml2::tinyxml2;ChronoEngine;ChronoModels_robot;ChronoEngine_vehicle;ChronoModels_vehicle;ChronoEngine_parsers;/usr/local/lib/libChronoEngine_ros.so;/usr/local/lib/libChronoEngine_parsers.so;/usr/local/lib/libChronoEngine_vehicle_irrlicht.so;/usr/local/lib/libChronoModels_vehicle.so;/usr/local/lib/libChronoEngine_vehicle.so;/usr/local/lib/libChronoEngine_irrlicht.so;/usr/local/lib/libChronoModels_robot.so;/usr/local/lib/libChronoEngine.so
[0.035s] --    CHRONO_DATA_DIR          (Path to Chrono data folder): /usr/local/share/chrono/data/
[0.035s] --    CHRONO_VEHICLE_DATA_DIR  (Path to Chrono::Vehicle data folder): /usr/local/share/chrono/data/vehicle/
[0.035s] --    CHRONO_FSI_DATA_DIR      (Path to Chrono::FSI data folder): /usr/local/share/chrono/data/fsi/
[0.035s] -- Found ament_cmake: 1.3.10 (/opt/ros/humble/share/ament_cmake/cmake)
[0.121s] -- Found rclcpp: 16.0.10 (/opt/ros/humble/share/rclcpp/cmake)
[0.142s] -- Found rosidl_generator_c: 3.1.5 (/opt/ros/humble/share/rosidl_generator_c/cmake)
[0.144s] -- Found rosidl_adapter: 3.1.5 (/opt/ros/humble/share/rosidl_adapter/cmake)
[0.148s] -- Found rosidl_generator_cpp: 3.1.5 (/opt/ros/humble/share/rosidl_generator_cpp/cmake)
[0.154s] -- Using all available rosidl_typesupport_c: rosidl_typesupport_fastrtps_c;rosidl_typesupport_introspection_c
[0.162s] -- Using all available rosidl_typesupport_cpp: rosidl_typesupport_fastrtps_cpp;rosidl_typesupport_introspection_cpp
[0.184s] -- Found rmw_implementation_cmake: 6.1.2 (/opt/ros/humble/share/rmw_implementation_cmake/cmake)
[0.185s] -- Found rmw_fastrtps_cpp: 6.2.7 (/opt/ros/humble/share/rmw_fastrtps_cpp/cmake)
[0.232s] -- Using RMW implementation 'rmw_fastrtps_cpp' as default
[0.264s] -- Found std_srvs: 4.2.4 (/opt/ros/humble/share/std_srvs/cmake)
[0.270s] -- Found geometry_msgs: 4.2.4 (/opt/ros/humble/share/geometry_msgs/cmake)
[0.278s] -- Found tf2_ros: 0.25.7 (/opt/ros/humble/share/tf2_ros/cmake)
[0.403s] -- Configuring done
[0.551s] -- Generating done
[0.555s] -- Build files have been written to: /home/blor/ros2_ws2/build/chrono_sim
[0.592s] [35m[1mConsolidate compiler generated dependencies of target sim_tools[0m
[0.637s] [ 20%] Built target sim_tools
[0.654s] [35m[1mConsolidate compiler generated dependencies of target rover_example[0m
[0.656s] [35m[1mConsolidate compiler generated dependencies of target visual_test[0m
[0.656s] [35m[1mConsolidate compiler generated dependencies of target rhex_test[0m
[0.656s] [35m[1mConsolidate compiler generated dependencies of target variable_stiffness_example[0m
[0.656s] [35m[1mConsolidate compiler generated dependencies of target spirit_example[0m
[0.656s] [35m[1mConsolidate compiler generated dependencies of target rover_test[0m
[0.656s] [35m[1mConsolidate compiler generated dependencies of target shear_test[0m
[0.656s] [35m[1mConsolidate compiler generated dependencies of target visual_params[0m
[0.656s] [35m[1mConsolidate compiler generated dependencies of target probe_test[0m
[0.656s] [35m[1mConsolidate compiler generated dependencies of target husky_test[0m
[0.656s] [35m[1mConsolidate compiler generated dependencies of target spirit_grab_values[0m
[0.656s] [35m[1mConsolidate compiler generated dependencies of target docking[0m
[0.656s] [35m[1mConsolidate compiler generated dependencies of target spirit_experiment[0m
[0.657s] [35m[1mConsolidate compiler generated dependencies of target hero_video[0m
[0.657s] [35m[1mConsolidate compiler generated dependencies of target spirit_calibration[0m
[0.657s] [35m[1mConsolidate compiler generated dependencies of target spirit_test[0m
[0.693s] [ 56%] Built target rover_test
[0.693s] [ 56%] Built target visual_test
[0.693s] [ 56%] Built target spirit_example
[0.693s] [ 56%] Built target husky_test
[0.693s] [ 56%] Built target visual_params
[0.694s] [ 56%] Built target rover_example
[0.694s] [ 56%] Built target spirit_grab_values
[0.694s] [ 56%] Built target spirit_experiment
[0.694s] [ 56%] Built target rhex_test
[0.694s] [ 56%] Built target shear_test
[0.694s] [ 56%] Built target variable_stiffness_example
[0.694s] [ 56%] Built target probe_test
[0.694s] [ 56%] Built target hero_video
[0.694s] [ 58%] Built target spirit_test
[0.694s] [ 60%] [32mBuilding CXX object CMakeFiles/docking.dir/src/active_development/docking.cpp.o[0m
[0.694s] [ 63%] Built target spirit_calibration
[0.706s] [35m[1mConsolidate compiler generated dependencies of target 1spirit_2truss_model_verification[0m
[0.707s] [35m[1mConsolidate compiler generated dependencies of target 3spirit_3truss_planner[0m
[0.707s] [35m[1mConsolidate compiler generated dependencies of target spirit_3truss[0m
[0.707s] [35m[1mConsolidate compiler generated dependencies of target spirit_calibration_zero_grav[0m
[0.708s] [35m[1mConsolidate compiler generated dependencies of target spirit_force_calibration_stepped_model_verification[0m
[0.708s] [35m[1mConsolidate compiler generated dependencies of target spirit_force_calibration[0m
[0.708s] [35m[1mConsolidate compiler generated dependencies of target 3spirit_3truss_model_verification[0m
[0.709s] [35m[1mConsolidate compiler generated dependencies of target 1spirit_2truss_planner[0m
[0.709s] [35m[1mConsolidate compiler generated dependencies of target 1spirit_1truss_planner[0m
[0.709s] [35m[1mConsolidate compiler generated dependencies of target 2spirit_5truss_planner[0m
[0.710s] [35m[1mConsolidate compiler generated dependencies of target 1spirit_3truss_planner[0m
[0.712s] [35m[1mConsolidate compiler generated dependencies of target 3spirit_2truss_planner[0m
[0.712s] [35m[1mConsolidate compiler generated dependencies of target 4spirit_3truss_planner[0m
[0.739s] [ 71%] Built target 3spirit_3truss_model_verification
[0.740s] [ 71%] Built target 3spirit_3truss_planner
[0.740s] [ 71%] Built target 1spirit_2truss_model_verification
[0.740s] [ 73%] Built target spirit_force_calibration
[0.740s] [ 76%] Built target 3spirit_2truss_planner
[0.741s] [ 79%] Built target spirit_calibration_zero_grav
[0.741s] [ 82%] Built target 1spirit_3truss_planner
[0.742s] [ 86%] Built target spirit_force_calibration_stepped_model_verification
[0.742s] [ 87%] Built target spirit_3truss
[0.743s] [ 93%] Built target 1spirit_2truss_planner
[0.743s] [ 93%] Built target 1spirit_1truss_planner
[0.743s] [ 95%] Built target 2spirit_5truss_planner
[0.744s] [ 98%] Built target 4spirit_3truss_planner
[1.096s] [01m[K/home/blor/ros2_ws2/src/chrono_sim/src/active_development/docking.cpp:4:10:[m[K [01;31m[Kfatal error: [m[Kchrono/core/ChVector.h: No such file or directory
[1.096s]     4 | #include [01;31m[K<chrono/core/ChVector.h>[m[K
[1.096s]       |          [01;31m[K^~~~~~~~~~~~~~~~~~~~~~~~[m[K
[1.096s] compilation terminated.
[1.103s] gmake[2]: *** [CMakeFiles/docking.dir/build.make:76: CMakeFiles/docking.dir/src/active_development/docking.cpp.o] Error 1
[1.103s] gmake[1]: *** [CMakeFiles/Makefile2:559: CMakeFiles/docking.dir/all] Error 2
[1.103s] gmake: *** [Makefile:146: all] Error 2
[1.106s] Invoked command in '/home/blor/ros2_ws2/build/chrono_sim' returned '2': CMAKE_PREFIX_PATH=${CMAKE_PREFIX_PATH}:/opt/ros/humble /usr/bin/cmake --build /home/blor/ros2_ws2/build/chrono_sim -- -j16 -l16
