[0.008s] Invoking command in '/home/blor/ros2_ws2/build/chrono_sim': CMAKE_PREFIX_PATH=${CMAKE_PREFIX_PATH}:/opt/ros/humble /usr/bin/cmake --build /home/blor/ros2_ws2/build/chrono_sim -- -j16 -l16
[0.074s] [ 20%] Built target sim_tools
[0.096s] [35m[1mConsolidate compiler generated dependencies of target docking[0m
[0.122s] [ 38%] Built target rhex_test
[0.122s] [ 38%] Built target rover_test
[0.122s] [ 38%] Built target shear_test
[0.122s] [ 38%] Built target visual_params
[0.122s] [ 49%] Built target hero_video
[0.123s] [ 49%] Built target husky_test
[0.123s] [ 49%] Built target visual_test
[0.123s] [ 49%] Built target spirit_grab_values
[0.123s] [ 49%] Built target spirit_example
[0.123s] [ 58%] Built target spirit_test
[0.123s] [ 58%] Built target probe_test
[0.123s] [ 58%] Built target spirit_experiment
[0.123s] [ 58%] Built target spirit_calibration
[0.123s] [ 58%] [32mBuilding CXX object CMakeFiles/docking.dir/src/active_development/docking.cpp.o[0m
[0.123s] [ 60%] Built target rover_example
[0.124s] [ 63%] Built target variable_stiffness_example
[0.166s] [ 69%] Built target 3spirit_3truss_model_verification
[0.166s] [ 78%] Built target 3spirit_2truss_planner
[0.166s] [ 78%] Built target spirit_3truss
[0.166s] [ 82%] Built target spirit_force_calibration
[0.166s] [ 82%] Built target 2spirit_5truss_planner
[0.166s] [ 82%] Built target 1spirit_1truss_planner
[0.166s] [ 82%] Built target spirit_calibration_zero_grav
[0.167s] [ 84%] Built target spirit_force_calibration_stepped_model_verification
[0.167s] [ 87%] Built target 1spirit_2truss_model_verification
[0.167s] [ 90%] Built target 1spirit_2truss_planner
[0.167s] [ 93%] Built target 1spirit_3truss_planner
[0.168s] [ 95%] Built target 3spirit_3truss_planner
[0.169s] [ 98%] Built target 4spirit_3truss_planner
[2.106s] [01m[K/home/blor/ros2_ws2/src/chrono_sim/src/active_development/docking.cpp:[m[K In function â€˜[01m[Kint main(int, char**)[m[Kâ€™:
[2.106s] [01m[K/home/blor/ros2_ws2/src/chrono_sim/src/active_development/docking.cpp:16:21:[m[K [01;31m[Kerror: [m[Kcannot convert â€˜[01m[Kchrono::ChVector2<double>[m[Kâ€™ to â€˜[01m[Kconst chrono::ChVector3<double>&[m[Kâ€™
[2.106s]    16 |     spirit1->SetPos([01;31m[KChVector2<>(0, 0)[m[K);  // Position of spirit 1 in 2D
[2.107s]       |                     [01;31m[K^~~~~~~~~~~~~~~~~[m[K
[2.107s]       |                     [01;31m[K|[m[K
[2.107s]       |                     [01;31m[Kchrono::ChVector2<double>[m[K
[2.107s] In file included from [01m[K/usr/local/include/chrono/physics/ChSystem.h:27[m[K,
[2.107s]                  from [01m[K/usr/local/include/chrono/physics/ChSystemNSC.h:23[m[K,
[2.107s]                  from [01m[K/home/blor/ros2_ws2/src/chrono_sim/src/active_development/docking.cpp:1[m[K:
[2.107s] [01m[K/usr/local/include/chrono/core/ChFrame.h:208:40:[m[K [01;36m[Knote: [m[K  initializing argument 1 of â€˜[01m[Kvoid chrono::ChFrame<Real>::SetPos(const chrono::ChVector3<Real>&) [with Real = double][m[Kâ€™
[2.107s]   208 |     void SetPos([01;36m[Kconst ChVector3<Real>& pos[m[K) { m_csys.pos = pos; }
[2.107s]       |                 [01;36m[K~~~~~~~~~~~~~~~~~~~~~~~^~~[m[K
[2.107s] [01m[K/home/blor/ros2_ws2/src/chrono_sim/src/active_development/docking.cpp:20:21:[m[K [01;31m[Kerror: [m[Kcannot convert â€˜[01m[Kchrono::ChVector2<double>[m[Kâ€™ to â€˜[01m[Kconst chrono::ChVector3<double>&[m[Kâ€™
[2.107s]    20 |     spirit2->SetPos([01;31m[KChVector2<>(5, 0)[m[K);  // Position of spirit 2 in 2D
[2.107s]       |                     [01;31m[K^~~~~~~~~~~~~~~~~[m[K
[2.107s]       |                     [01;31m[K|[m[K
[2.107s]       |                     [01;31m[Kchrono::ChVector2<double>[m[K
[2.107s] In file included from [01m[K/usr/local/include/chrono/physics/ChSystem.h:27[m[K,
[2.107s]                  from [01m[K/usr/local/include/chrono/physics/ChSystemNSC.h:23[m[K,
[2.107s]                  from [01m[K/home/blor/ros2_ws2/src/chrono_sim/src/active_development/docking.cpp:1[m[K:
[2.107s] [01m[K/usr/local/include/chrono/core/ChFrame.h:208:40:[m[K [01;36m[Knote: [m[K  initializing argument 1 of â€˜[01m[Kvoid chrono::ChFrame<Real>::SetPos(const chrono::ChVector3<Real>&) [with Real = double][m[Kâ€™
[2.107s]   208 |     void SetPos([01;36m[Kconst ChVector3<Real>& pos[m[K) { m_csys.pos = pos; }
[2.107s]       |                 [01;36m[K~~~~~~~~~~~~~~~~~~~~~~~^~~[m[K
[2.108s] [01m[K/home/blor/ros2_ws2/src/chrono_sim/src/active_development/docking.cpp:25:11:[m[K [01;31m[Kerror: [m[Kâ€˜[01m[Kusing element_type = class chrono::ChLinkMate[m[Kâ€™ {aka â€˜[01m[Kclass chrono::ChLinkMate[m[Kâ€™} has no member named â€˜[01m[KInitialize[m[Kâ€™
[2.108s]    25 |     arm1->[01;31m[KInitialize[m[K(spirit1, spirit2, true, ChVector2<>(2, 0), ChVector2<>(2, 0));
[2.108s]       |           [01;31m[K^~~~~~~~~~[m[K
[2.530s] In file included from [01m[K/usr/include/x86_64-linux-gnu/c++/11/bits/c++allocator.h:33[m[K,
[2.530s]                  from [01m[K/usr/include/c++/11/bits/allocator.h:46[m[K,
[2.530s]                  from [01m[K/usr/include/c++/11/memory:64[m[K,
[2.530s]                  from [01m[K/usr/local/include/chrono/physics/ChSystem.h:19[m[K,
[2.530s]                  from [01m[K/usr/local/include/chrono/physics/ChSystemNSC.h:23[m[K,
[2.530s]                  from [01m[K/home/blor/ros2_ws2/src/chrono_sim/src/active_development/docking.cpp:1[m[K:
[2.530s] /usr/include/c++/11/ext/new_allocator.h: In instantiation of â€˜[01m[Kvoid __gnu_cxx::new_allocator<_Tp>::construct(_Up*, _Args&& ...) [with _Up = chrono::ChLinkMate; _Args = {}; _Tp = chrono::ChLinkMate][m[Kâ€™:
[2.530s] [01m[K/usr/include/c++/11/bits/alloc_traits.h:516:17:[m[K   required from â€˜[01m[Kstatic void std::allocator_traits<std::allocator<_Tp1> >::construct(std::allocator_traits<std::allocator<_Tp1> >::allocator_type&, _Up*, _Args&& ...) [with _Up = chrono::ChLinkMate; _Args = {}; _Tp = chrono::ChLinkMate; std::allocator_traits<std::allocator<_Tp1> >::allocator_type = std::allocator<chrono::ChLinkMate>][m[Kâ€™
[2.530s] [01m[K/usr/include/c++/11/bits/shared_ptr_base.h:519:39:[m[K   required from â€˜[01m[Kstd::_Sp_counted_ptr_inplace<_Tp, _Alloc, _Lp>::_Sp_counted_ptr_inplace(_Alloc, _Args&& ...) [with _Args = {}; _Tp = chrono::ChLinkMate; _Alloc = std::allocator<chrono::ChLinkMate>; __gnu_cxx::_Lock_policy _Lp = __gnu_cxx::_S_atomic][m[Kâ€™
[2.530s] [01m[K/usr/include/c++/11/bits/shared_ptr_base.h:650:16:[m[K   required from â€˜[01m[Kstd::__shared_count<_Lp>::__shared_count(_Tp*&, std::_Sp_alloc_shared_tag<_Alloc>, _Args&& ...) [with _Tp = chrono::ChLinkMate; _Alloc = std::allocator<chrono::ChLinkMate>; _Args = {}; __gnu_cxx::_Lock_policy _Lp = __gnu_cxx::_S_atomic][m[Kâ€™
[2.530s] [01m[K/usr/include/c++/11/bits/shared_ptr_base.h:1342:14:[m[K   required from â€˜[01m[Kstd::__shared_ptr<_Tp, _Lp>::__shared_ptr(std::_Sp_alloc_shared_tag<_Tp>, _Args&& ...) [with _Alloc = std::allocator<chrono::ChLinkMate>; _Args = {}; _Tp = chrono::ChLinkMate; __gnu_cxx::_Lock_policy _Lp = __gnu_cxx::_S_atomic][m[Kâ€™
[2.530s] [01m[K/usr/include/c++/11/bits/shared_ptr.h:409:59:[m[K   required from â€˜[01m[Kstd::shared_ptr<_Tp>::shared_ptr(std::_Sp_alloc_shared_tag<_Tp>, _Args&& ...) [with _Alloc = std::allocator<chrono::ChLinkMate>; _Args = {}; _Tp = chrono::ChLinkMate][m[Kâ€™
[2.530s] [01m[K/usr/include/c++/11/bits/shared_ptr.h:862:14:[m[K   required from â€˜[01m[Kstd::shared_ptr<_Tp> std::allocate_shared(const _Alloc&, _Args&& ...) [with _Tp = chrono::ChLinkMate; _Alloc = std::allocator<chrono::ChLinkMate>; _Args = {}][m[Kâ€™
[2.530s] [01m[K/usr/include/c++/11/bits/shared_ptr.h:878:39:[m[K   required from â€˜[01m[Kstd::shared_ptr<_Tp> std::make_shared(_Args&& ...) [with _Tp = chrono::ChLinkMate; _Args = {}][m[Kâ€™
[2.530s] [01m[K/home/blor/ros2_ws2/src/chrono_sim/src/active_development/docking.cpp:24:45:[m[K   required from here
[2.530s] [01m[K/usr/include/c++/11/ext/new_allocator.h:162:11:[m[K [01;31m[Kerror: [m[Kinvalid new-expression of abstract class type â€˜[01m[Kchrono::ChLinkMate[m[Kâ€™
[2.530s]   162 |         { [01;31m[K::new((void *)__p) _Up(std::forward<_Args>(__args)...)[m[K; }
[2.530s]       |           [01;31m[K^~~~~~~~~~~~~~~~~~~~~~~~~~~~~~~~~~~~~~~~~~~~~~~~~~~~~~[m[K
[2.530s] In file included from [01m[K/home/blor/ros2_ws2/src/chrono_sim/src/active_development/docking.cpp:3[m[K:
[2.530s] [01m[K/usr/local/include/chrono/physics/ChLinkMate.h:28:13:[m[K [01;36m[Knote: [m[K  because the following virtual functions are pure within â€˜[01m[Kchrono::ChLinkMate[m[Kâ€™:
[2.530s]    28 | class ChApi [01;36m[KChLinkMate[m[K : public ChLink {
[2.531s]       |             [01;36m[K^~~~~~~~~~[m[K
[2.531s] In file included from [01m[K/usr/local/include/chrono/physics/ChLinksAll.h:20[m[K,
[2.531s]                  from [01m[K/usr/local/include/chrono/physics/ChAssembly.h:24[m[K,
[2.531s]                  from [01m[K/usr/local/include/chrono/physics/ChSystem.h:31[m[K,
[2.531s]                  from [01m[K/usr/local/include/chrono/physics/ChSystemNSC.h:23[m[K,
[2.531s]                  from [01m[K/home/blor/ros2_ws2/src/chrono_sim/src/active_development/docking.cpp:1[m[K:
[2.531s] [01m[K/usr/local/include/chrono/physics/ChLink.h:46:22:[m[K [01;36m[Knote: [m[K    â€˜[01m[Kvirtual chrono::ChFramed chrono::ChLink::GetFrame1Rel() const[m[Kâ€™
[2.531s]    46 |     virtual ChFramed [01;36m[KGetFrame1Rel[m[K() const = 0;
[2.531s]       |                      [01;36m[K^~~~~~~~~~~~[m[K
[2.531s] [01m[K/usr/local/include/chrono/physics/ChLink.h:49:22:[m[K [01;36m[Knote: [m[K    â€˜[01m[Kvirtual chrono::ChFramed chrono::ChLink::GetFrame2Rel() const[m[Kâ€™
[2.531s]    49 |     virtual ChFramed [01;36m[KGetFrame2Rel[m[K() const = 0;
[2.531s]       |                      [01;36m[K^~~~~~~~~~~~[m[K
[2.681s] gmake[2]: *** [CMakeFiles/docking.dir/build.make:76: CMakeFiles/docking.dir/src/active_development/docking.cpp.o] Error 1
[2.681s] gmake[1]: *** [CMakeFiles/Makefile2:559: CMakeFiles/docking.dir/all] Error 2
[2.681s] gmake: *** [Makefile:146: all] Error 2
[2.683s] Invoked command in '/home/blor/ros2_ws2/build/chrono_sim' returned '2': CMAKE_PREFIX_PATH=${CMAKE_PREFIX_PATH}:/opt/ros/humble /usr/bin/cmake --build /home/blor/ros2_ws2/build/chrono_sim -- -j16 -l16
