[ 20%] Built target sim_tools
[35m[1mConsolidate compiler generated dependencies of target docking[0m
[ 36%] Built target spirit_example
[ 36%] Built target husky_test
[ 36%] Built target visual_test
[ 36%] [32mBuilding CXX object CMakeFiles/docking.dir/src/active_development/docking.cpp.o[0m
[ 36%] Built target variable_stiffness_example
[ 39%] Built target rhex_test
[ 41%] Built target rover_test
[ 43%] Built target shear_test
[ 46%] Built target probe_test
[ 52%] Built target spirit_grab_values
[ 52%] Built target spirit_experiment
[ 54%] Built target hero_video
[ 36%] Built target visual_params
[ 57%] Built target spirit_test
[ 60%] Built target rover_example
[ 63%] Built target spirit_calibration
[ 65%] Built target 3spirit_3truss_model_verification
[ 71%] Built target spirit_force_calibration_stepped_model_verification
[ 71%] Built target 2spirit_5truss_planner
[ 75%] Built target spirit_calibration_zero_grav
[ 76%] Built target spirit_force_calibration
[ 79%] Built target spirit_3truss
[ 82%] Built target 1spirit_2truss_model_verification
[ 89%] Built target 1spirit_3truss_planner
[ 89%] Built target 1spirit_1truss_planner
[ 90%] Built target 3spirit_3truss_planner
[ 93%] Built target 1spirit_2truss_planner
[ 95%] Built target 3spirit_2truss_planner
[ 98%] Built target 4spirit_3truss_planner
[01m[K/home/blor/ros2_ws2/src/chrono_sim/src/active_development/docking.cpp:[m[K In function â€˜[01m[Kint main(int, char**)[m[Kâ€™:
[01m[K/home/blor/ros2_ws2/src/chrono_sim/src/active_development/docking.cpp:14:42:[m[K [01;31m[Kerror: [m[Kâ€˜[01m[KCreate[m[Kâ€™ is not a member of â€˜[01m[Kchrono::ChBodyAuxRef[m[Kâ€™
   14 |     auto spirit1 = chrono::ChBodyAuxRef::[01;31m[KCreate[m[K();
      |                                          [01;31m[K^~~~~~[m[K
[01m[K/home/blor/ros2_ws2/src/chrono_sim/src/active_development/docking.cpp:15:29:[m[K [01;31m[Kerror: [m[Kâ€˜[01m[KChVector[m[Kâ€™ is not a member of â€˜[01m[Kchrono[m[Kâ€™; did you mean â€˜[01m[KChVectorN[m[Kâ€™?
   15 |     spirit1->SetPos(chrono::[01;31m[KChVector[m[K<>(0, 0, 0));  // Position of spirit 1
      |                             [01;31m[K^~~~~~~~[m[K
      |                             [32m[KChVectorN[m[K
[01m[K/home/blor/ros2_ws2/src/chrono_sim/src/active_development/docking.cpp:15:38:[m[K [01;31m[Kerror: [m[Kexpected primary-expression before â€˜[01m[K>[m[Kâ€™ token
   15 |     spirit1->SetPos(chrono::ChVector<[01;31m[K>[m[K(0, 0, 0));  // Position of spirit 1
      |                                      [01;31m[K^[m[K
[01m[K/home/blor/ros2_ws2/src/chrono_sim/src/active_development/docking.cpp:18:42:[m[K [01;31m[Kerror: [m[Kâ€˜[01m[KCreate[m[Kâ€™ is not a member of â€˜[01m[Kchrono::ChBodyAuxRef[m[Kâ€™
   18 |     auto spirit2 = chrono::ChBodyAuxRef::[01;31m[KCreate[m[K();
      |                                          [01;31m[K^~~~~~[m[K
[01m[K/home/blor/ros2_ws2/src/chrono_sim/src/active_development/docking.cpp:19:29:[m[K [01;31m[Kerror: [m[Kâ€˜[01m[KChVector[m[Kâ€™ is not a member of â€˜[01m[Kchrono[m[Kâ€™; did you mean â€˜[01m[KChVectorN[m[Kâ€™?
   19 |     spirit2->SetPos(chrono::[01;31m[KChVector[m[K<>(5, 0, 0));  // Position of spirit 2
      |                             [01;31m[K^~~~~~~~[m[K
      |                             [32m[KChVectorN[m[K
[01m[K/home/blor/ros2_ws2/src/chrono_sim/src/active_development/docking.cpp:19:38:[m[K [01;31m[Kerror: [m[Kexpected primary-expression before â€˜[01m[K>[m[Kâ€™ token
   19 |     spirit2->SetPos(chrono::ChVector<[01;31m[K>[m[K(5, 0, 0));  // Position of spirit 2
      |                                      [01;31m[K^[m[K
[01m[K/home/blor/ros2_ws2/src/chrono_sim/src/active_development/docking.cpp:23:37:[m[K [01;31m[Kerror: [m[Kâ€˜[01m[KCreate[m[Kâ€™ is not a member of â€˜[01m[Kchrono::ChLinkMate[m[Kâ€™
   23 |     auto arm1 = chrono::ChLinkMate::[01;31m[KCreate[m[K();
      |                                     [01;31m[K^~~~~~[m[K
[01m[K/home/blor/ros2_ws2/src/chrono_sim/src/active_development/docking.cpp:24:54:[m[K [01;31m[Kerror: [m[Kâ€˜[01m[KChVector[m[Kâ€™ is not a member of â€˜[01m[Kchrono[m[Kâ€™; did you mean â€˜[01m[KChVectorN[m[Kâ€™?
   24 |     arm1->Initialize(spirit1, spirit2, true, chrono::[01;31m[KChVector[m[K<>(2, 0, 0), chrono::ChVector<>(2, 0, 0));
      |                                                      [01;31m[K^~~~~~~~[m[K
      |                                                      [32m[KChVectorN[m[K
[01m[K/home/blor/ros2_ws2/src/chrono_sim/src/active_development/docking.cpp:24:63:[m[K [01;31m[Kerror: [m[Kexpected primary-expression before â€˜[01m[K>[m[Kâ€™ token
   24 |     arm1->Initialize(spirit1, spirit2, true, chrono::ChVector<[01;31m[K>[m[K(2, 0, 0), chrono::ChVector<>(2, 0, 0));
      |                                                               [01;31m[K^[m[K
[01m[K/home/blor/ros2_ws2/src/chrono_sim/src/active_development/docking.cpp:24:83:[m[K [01;31m[Kerror: [m[Kâ€˜[01m[KChVector[m[Kâ€™ is not a member of â€˜[01m[Kchrono[m[Kâ€™; did you mean â€˜[01m[KChVectorN[m[Kâ€™?
   24 |     arm1->Initialize(spirit1, spirit2, true, chrono::ChVector<>(2, 0, 0), chrono::[01;31m[KChVector[m[K<>(2, 0, 0));
      |                                                                                   [01;31m[K^~~~~~~~[m[K
      |                                                                                   [32m[KChVectorN[m[K
[01m[K/home/blor/ros2_ws2/src/chrono_sim/src/active_development/docking.cpp:24:92:[m[K [01;31m[Kerror: [m[Kexpected primary-expression before â€˜[01m[K>[m[Kâ€™ token
   24 |     arm1->Initialize(spirit1, spirit2, true, chrono::ChVector<>(2, 0, 0), chrono::ChVector<[01;31m[K>[m[K(2, 0, 0));
      |                                                                                            [01;31m[K^[m[K
gmake[2]: *** [CMakeFiles/docking.dir/build.make:76: CMakeFiles/docking.dir/src/active_development/docking.cpp.o] Error 1
gmake[1]: *** [CMakeFiles/Makefile2:559: CMakeFiles/docking.dir/all] Error 2
gmake: *** [Makefile:146: all] Error 2
