[0.008s] Invoking command in '/home/blor/ros2_ws2/build/chrono_sim': CMAKE_PREFIX_PATH=${CMAKE_PREFIX_PATH}:/opt/ros/humble /usr/bin/cmake --build /home/blor/ros2_ws2/build/chrono_sim -- -j16 -l16
[0.075s] [ 20%] Built target sim_tools
[0.096s] [35m[1mConsolidate compiler generated dependencies of target docking[0m
[0.121s] [ 36%] Built target spirit_example
[0.121s] [ 36%] Built target husky_test
[0.121s] [ 36%] Built target visual_test
[0.122s] [ 36%] [32mBuilding CXX object CMakeFiles/docking.dir/src/active_development/docking.cpp.o[0m
[0.122s] [ 36%] Built target variable_stiffness_example
[0.122s] [ 39%] Built target rhex_test
[0.122s] [ 41%] Built target rover_test
[0.122s] [ 43%] Built target shear_test
[0.122s] [ 46%] Built target probe_test
[0.122s] [ 52%] Built target spirit_grab_values
[0.122s] [ 52%] Built target spirit_experiment
[0.122s] [ 54%] Built target hero_video
[0.122s] [ 36%] Built target visual_params
[0.123s] [ 57%] Built target spirit_test
[0.123s] [ 60%] Built target rover_example
[0.128s] [ 63%] Built target spirit_calibration
[0.165s] [ 65%] Built target 3spirit_3truss_model_verification
[0.165s] [ 71%] Built target spirit_force_calibration_stepped_model_verification
[0.165s] [ 71%] Built target 2spirit_5truss_planner
[0.166s] [ 75%] Built target spirit_calibration_zero_grav
[0.166s] [ 76%] Built target spirit_force_calibration
[0.166s] [ 79%] Built target spirit_3truss
[0.166s] [ 82%] Built target 1spirit_2truss_model_verification
[0.166s] [ 89%] Built target 1spirit_3truss_planner
[0.167s] [ 89%] Built target 1spirit_1truss_planner
[0.167s] [ 90%] Built target 3spirit_3truss_planner
[0.167s] [ 93%] Built target 1spirit_2truss_planner
[0.167s] [ 95%] Built target 3spirit_2truss_planner
[0.168s] [ 98%] Built target 4spirit_3truss_planner
[2.100s] [01m[K/home/blor/ros2_ws2/src/chrono_sim/src/active_development/docking.cpp:[m[K In function â€˜[01m[Kint main(int, char**)[m[Kâ€™:
[2.100s] [01m[K/home/blor/ros2_ws2/src/chrono_sim/src/active_development/docking.cpp:14:42:[m[K [01;31m[Kerror: [m[Kâ€˜[01m[KCreate[m[Kâ€™ is not a member of â€˜[01m[Kchrono::ChBodyAuxRef[m[Kâ€™
[2.100s]    14 |     auto spirit1 = chrono::ChBodyAuxRef::[01;31m[KCreate[m[K();
[2.100s]       |                                          [01;31m[K^~~~~~[m[K
[2.100s] [01m[K/home/blor/ros2_ws2/src/chrono_sim/src/active_development/docking.cpp:15:29:[m[K [01;31m[Kerror: [m[Kâ€˜[01m[KChVector[m[Kâ€™ is not a member of â€˜[01m[Kchrono[m[Kâ€™; did you mean â€˜[01m[KChVectorN[m[Kâ€™?
[2.100s]    15 |     spirit1->SetPos(chrono::[01;31m[KChVector[m[K<>(0, 0, 0));  // Position of spirit 1
[2.100s]       |                             [01;31m[K^~~~~~~~[m[K
[2.100s]       |                             [32m[KChVectorN[m[K
[2.100s] [01m[K/home/blor/ros2_ws2/src/chrono_sim/src/active_development/docking.cpp:15:38:[m[K [01;31m[Kerror: [m[Kexpected primary-expression before â€˜[01m[K>[m[Kâ€™ token
[2.100s]    15 |     spirit1->SetPos(chrono::ChVector<[01;31m[K>[m[K(0, 0, 0));  // Position of spirit 1
[2.100s]       |                                      [01;31m[K^[m[K
[2.100s] [01m[K/home/blor/ros2_ws2/src/chrono_sim/src/active_development/docking.cpp:18:42:[m[K [01;31m[Kerror: [m[Kâ€˜[01m[KCreate[m[Kâ€™ is not a member of â€˜[01m[Kchrono::ChBodyAuxRef[m[Kâ€™
[2.100s]    18 |     auto spirit2 = chrono::ChBodyAuxRef::[01;31m[KCreate[m[K();
[2.101s]       |                                          [01;31m[K^~~~~~[m[K
[2.101s] [01m[K/home/blor/ros2_ws2/src/chrono_sim/src/active_development/docking.cpp:19:29:[m[K [01;31m[Kerror: [m[Kâ€˜[01m[KChVector[m[Kâ€™ is not a member of â€˜[01m[Kchrono[m[Kâ€™; did you mean â€˜[01m[KChVectorN[m[Kâ€™?
[2.101s]    19 |     spirit2->SetPos(chrono::[01;31m[KChVector[m[K<>(5, 0, 0));  // Position of spirit 2
[2.101s]       |                             [01;31m[K^~~~~~~~[m[K
[2.101s]       |                             [32m[KChVectorN[m[K
[2.101s] [01m[K/home/blor/ros2_ws2/src/chrono_sim/src/active_development/docking.cpp:19:38:[m[K [01;31m[Kerror: [m[Kexpected primary-expression before â€˜[01m[K>[m[Kâ€™ token
[2.101s]    19 |     spirit2->SetPos(chrono::ChVector<[01;31m[K>[m[K(5, 0, 0));  // Position of spirit 2
[2.101s]       |                                      [01;31m[K^[m[K
[2.101s] [01m[K/home/blor/ros2_ws2/src/chrono_sim/src/active_development/docking.cpp:23:37:[m[K [01;31m[Kerror: [m[Kâ€˜[01m[KCreate[m[Kâ€™ is not a member of â€˜[01m[Kchrono::ChLinkMate[m[Kâ€™
[2.101s]    23 |     auto arm1 = chrono::ChLinkMate::[01;31m[KCreate[m[K();
[2.101s]       |                                     [01;31m[K^~~~~~[m[K
[2.101s] [01m[K/home/blor/ros2_ws2/src/chrono_sim/src/active_development/docking.cpp:24:54:[m[K [01;31m[Kerror: [m[Kâ€˜[01m[KChVector[m[Kâ€™ is not a member of â€˜[01m[Kchrono[m[Kâ€™; did you mean â€˜[01m[KChVectorN[m[Kâ€™?
[2.101s]    24 |     arm1->Initialize(spirit1, spirit2, true, chrono::[01;31m[KChVector[m[K<>(2, 0, 0), chrono::ChVector<>(2, 0, 0));
[2.101s]       |                                                      [01;31m[K^~~~~~~~[m[K
[2.101s]       |                                                      [32m[KChVectorN[m[K
[2.101s] [01m[K/home/blor/ros2_ws2/src/chrono_sim/src/active_development/docking.cpp:24:63:[m[K [01;31m[Kerror: [m[Kexpected primary-expression before â€˜[01m[K>[m[Kâ€™ token
[2.101s]    24 |     arm1->Initialize(spirit1, spirit2, true, chrono::ChVector<[01;31m[K>[m[K(2, 0, 0), chrono::ChVector<>(2, 0, 0));
[2.101s]       |                                                               [01;31m[K^[m[K
[2.101s] [01m[K/home/blor/ros2_ws2/src/chrono_sim/src/active_development/docking.cpp:24:83:[m[K [01;31m[Kerror: [m[Kâ€˜[01m[KChVector[m[Kâ€™ is not a member of â€˜[01m[Kchrono[m[Kâ€™; did you mean â€˜[01m[KChVectorN[m[Kâ€™?
[2.101s]    24 |     arm1->Initialize(spirit1, spirit2, true, chrono::ChVector<>(2, 0, 0), chrono::[01;31m[KChVector[m[K<>(2, 0, 0));
[2.101s]       |                                                                                   [01;31m[K^~~~~~~~[m[K
[2.101s]       |                                                                                   [32m[KChVectorN[m[K
[2.101s] [01m[K/home/blor/ros2_ws2/src/chrono_sim/src/active_development/docking.cpp:24:92:[m[K [01;31m[Kerror: [m[Kexpected primary-expression before â€˜[01m[K>[m[Kâ€™ token
[2.101s]    24 |     arm1->Initialize(spirit1, spirit2, true, chrono::ChVector<>(2, 0, 0), chrono::ChVector<[01;31m[K>[m[K(2, 0, 0));
[2.101s]       |                                                                                            [01;31m[K^[m[K
[2.640s] gmake[2]: *** [CMakeFiles/docking.dir/build.make:76: CMakeFiles/docking.dir/src/active_development/docking.cpp.o] Error 1
[2.640s] gmake[1]: *** [CMakeFiles/Makefile2:559: CMakeFiles/docking.dir/all] Error 2
[2.641s] gmake: *** [Makefile:146: all] Error 2
[2.643s] Invoked command in '/home/blor/ros2_ws2/build/chrono_sim' returned '2': CMAKE_PREFIX_PATH=${CMAKE_PREFIX_PATH}:/opt/ros/humble /usr/bin/cmake --build /home/blor/ros2_ws2/build/chrono_sim -- -j16 -l16
