[01m[K/home/blor/ros2_ws2/src/chrono_sim/src/active_development/docking.cpp:[m[K In function â€˜[01m[Kint main(int, char**)[m[Kâ€™:
[01m[K/home/blor/ros2_ws2/src/chrono_sim/src/active_development/docking.cpp:14:42:[m[K [01;31m[Kerror: [m[Kâ€˜[01m[KCreate[m[Kâ€™ is not a member of â€˜[01m[Kchrono::ChBodyAuxRef[m[Kâ€™
   14 |     auto spirit1 = chrono::ChBodyAuxRef::[01;31m[KCreate[m[K();
      |                                          [01;31m[K^~~~~~[m[K
[01m[K/home/blor/ros2_ws2/src/chrono_sim/src/active_development/docking.cpp:15:39:[m[K [01;31m[Kerror: [m[Kwrong number of template arguments (0, should be 2)
   15 |     spirit1->SetPos(chrono::ChVectorN<[01;31m[K>[m[K(0, 0, 0));  // Position of spirit 1
      |                                       [01;31m[K^[m[K
In file included from [01m[K/usr/local/include/chrono/core/ChQuaternion.h:23[m[K,
                 from [01m[K/usr/local/include/chrono/core/ChCoordsys.h:16[m[K,
                 from [01m[K/usr/local/include/chrono/core/ChFrame.h:18[m[K,
                 from [01m[K/usr/local/include/chrono/physics/ChSystem.h:27[m[K,
                 from [01m[K/usr/local/include/chrono/physics/ChSystemNSC.h:23[m[K,
                 from [01m[K/home/blor/ros2_ws2/src/chrono_sim/src/active_development/docking.cpp:1[m[K:
[01m[K/usr/local/include/chrono/core/ChMatrix.h:122:7:[m[K [01;36m[Knote: [m[Kprovided for â€˜[01m[Ktemplate<class T, int N> using ChVectorN = Eigen::Matrix<Type, Size, 1>[m[Kâ€™
  122 | using [01;36m[KChVectorN[m[K = Eigen::Matrix<T, N, 1>;
      |       [01;36m[K^~~~~~~~~[m[K
[01m[K/home/blor/ros2_ws2/src/chrono_sim/src/active_development/docking.cpp:18:42:[m[K [01;31m[Kerror: [m[Kâ€˜[01m[KCreate[m[Kâ€™ is not a member of â€˜[01m[Kchrono::ChBodyAuxRef[m[Kâ€™
   18 |     auto spirit2 = chrono::ChBodyAuxRef::[01;31m[KCreate[m[K();
      |                                          [01;31m[K^~~~~~[m[K
[01m[K/home/blor/ros2_ws2/src/chrono_sim/src/active_development/docking.cpp:19:39:[m[K [01;31m[Kerror: [m[Kwrong number of template arguments (0, should be 2)
   19 |     spirit2->SetPos(chrono::ChVectorN<[01;31m[K>[m[K(5, 0, 0));  // Position of spirit 2
      |                                       [01;31m[K^[m[K
In file included from [01m[K/usr/local/include/chrono/core/ChQuaternion.h:23[m[K,
                 from [01m[K/usr/local/include/chrono/core/ChCoordsys.h:16[m[K,
                 from [01m[K/usr/local/include/chrono/core/ChFrame.h:18[m[K,
                 from [01m[K/usr/local/include/chrono/physics/ChSystem.h:27[m[K,
                 from [01m[K/usr/local/include/chrono/physics/ChSystemNSC.h:23[m[K,
                 from [01m[K/home/blor/ros2_ws2/src/chrono_sim/src/active_development/docking.cpp:1[m[K:
[01m[K/usr/local/include/chrono/core/ChMatrix.h:122:7:[m[K [01;36m[Knote: [m[Kprovided for â€˜[01m[Ktemplate<class T, int N> using ChVectorN = Eigen::Matrix<Type, Size, 1>[m[Kâ€™
  122 | using [01;36m[KChVectorN[m[K = Eigen::Matrix<T, N, 1>;
      |       [01;36m[K^~~~~~~~~[m[K
[01m[K/home/blor/ros2_ws2/src/chrono_sim/src/active_development/docking.cpp:23:37:[m[K [01;31m[Kerror: [m[Kâ€˜[01m[KCreate[m[Kâ€™ is not a member of â€˜[01m[Kchrono::ChLinkMate[m[Kâ€™
   23 |     auto arm1 = chrono::ChLinkMate::[01;31m[KCreate[m[K();
      |                                     [01;31m[K^~~~~~[m[K
[01m[K/home/blor/ros2_ws2/src/chrono_sim/src/active_development/docking.cpp:24:64:[m[K [01;31m[Kerror: [m[Kwrong number of template arguments (0, should be 2)
   24 |     arm1->Initialize(spirit1, spirit2, true, chrono::ChVectorN<[01;31m[K>[m[K(2, 0, 0), chrono::ChVectorN<>(2, 0, 0));
      |                                                                [01;31m[K^[m[K
In file included from [01m[K/usr/local/include/chrono/core/ChQuaternion.h:23[m[K,
                 from [01m[K/usr/local/include/chrono/core/ChCoordsys.h:16[m[K,
                 from [01m[K/usr/local/include/chrono/core/ChFrame.h:18[m[K,
                 from [01m[K/usr/local/include/chrono/physics/ChSystem.h:27[m[K,
                 from [01m[K/usr/local/include/chrono/physics/ChSystemNSC.h:23[m[K,
                 from [01m[K/home/blor/ros2_ws2/src/chrono_sim/src/active_development/docking.cpp:1[m[K:
[01m[K/usr/local/include/chrono/core/ChMatrix.h:122:7:[m[K [01;36m[Knote: [m[Kprovided for â€˜[01m[Ktemplate<class T, int N> using ChVectorN = Eigen::Matrix<Type, Size, 1>[m[Kâ€™
  122 | using [01;36m[KChVectorN[m[K = Eigen::Matrix<T, N, 1>;
      |       [01;36m[K^~~~~~~~~[m[K
[01m[K/home/blor/ros2_ws2/src/chrono_sim/src/active_development/docking.cpp:24:94:[m[K [01;31m[Kerror: [m[Kwrong number of template arguments (0, should be 2)
   24 |     arm1->Initialize(spirit1, spirit2, true, chrono::ChVectorN<>(2, 0, 0), chrono::ChVectorN<[01;31m[K>[m[K(2, 0, 0));
      |                                                                                              [01;31m[K^[m[K
In file included from [01m[K/usr/local/include/chrono/core/ChQuaternion.h:23[m[K,
                 from [01m[K/usr/local/include/chrono/core/ChCoordsys.h:16[m[K,
                 from [01m[K/usr/local/include/chrono/core/ChFrame.h:18[m[K,
                 from [01m[K/usr/local/include/chrono/physics/ChSystem.h:27[m[K,
                 from [01m[K/usr/local/include/chrono/physics/ChSystemNSC.h:23[m[K,
                 from [01m[K/home/blor/ros2_ws2/src/chrono_sim/src/active_development/docking.cpp:1[m[K:
[01m[K/usr/local/include/chrono/core/ChMatrix.h:122:7:[m[K [01;36m[Knote: [m[Kprovided for â€˜[01m[Ktemplate<class T, int N> using ChVectorN = Eigen::Matrix<Type, Size, 1>[m[Kâ€™
  122 | using [01;36m[KChVectorN[m[K = Eigen::Matrix<T, N, 1>;
      |       [01;36m[K^~~~~~~~~[m[K
gmake[2]: *** [CMakeFiles/docking.dir/build.make:76: CMakeFiles/docking.dir/src/active_development/docking.cpp.o] Error 1
gmake[1]: *** [CMakeFiles/Makefile2:559: CMakeFiles/docking.dir/all] Error 2
gmake: *** [Makefile:146: all] Error 2
