[0.008s] Invoking command in '/home/blor/ros2_ws2/build/chrono_sim': CMAKE_PREFIX_PATH=${CMAKE_PREFIX_PATH}:/opt/ros/humble /usr/bin/cmake --build /home/blor/ros2_ws2/build/chrono_sim -- -j16 -l16
[0.075s] [ 20%] Built target sim_tools
[0.096s] [35m[1mConsolidate compiler generated dependencies of target docking[0m
[0.122s] [ 38%] [32mBuilding CXX object CMakeFiles/docking.dir/src/active_development/docking.cpp.o[0m
[0.122s] [ 38%] Built target rhex_test
[0.123s] [ 38%] Built target visual_params
[0.123s] [ 39%] Built target probe_test
[0.123s] [ 39%] Built target shear_test
[0.123s] [ 49%] Built target spirit_test
[0.123s] [ 54%] Built target husky_test
[0.123s] [ 57%] Built target spirit_experiment
[0.123s] [ 57%] Built target variable_stiffness_example
[0.123s] [ 57%] Built target hero_video
[0.123s] [ 57%] Built target rover_test
[0.123s] [ 57%] Built target spirit_example
[0.123s] [ 57%] Built target spirit_grab_values
[0.124s] [ 57%] Built target rover_example
[0.124s] [ 60%] Built target spirit_calibration
[0.124s] [ 63%] Built target visual_test
[0.167s] [ 68%] Built target 3spirit_3truss_planner
[0.167s] [ 68%] Built target 3spirit_3truss_model_verification
[0.167s] [ 71%] Built target 1spirit_2truss_planner
[0.167s] [ 73%] Built target 2spirit_5truss_planner
[0.167s] [ 79%] Built target spirit_3truss
[0.167s] [ 79%] Built target spirit_calibration_zero_grav
[0.167s] [ 82%] Built target 1spirit_2truss_model_verification
[0.167s] [ 84%] Built target spirit_force_calibration_stepped_model_verification
[0.167s] [ 89%] Built target spirit_force_calibration
[0.168s] [ 91%] Built target 1spirit_1truss_planner
[0.168s] [ 93%] Built target 1spirit_3truss_planner
[0.168s] [ 95%] Built target 3spirit_2truss_planner
[0.169s] [ 98%] Built target 4spirit_3truss_planner
[2.093s] [01m[K/home/blor/ros2_ws2/src/chrono_sim/src/active_development/docking.cpp:[m[K In function â€˜[01m[Kint main(int, char**)[m[Kâ€™:
[2.093s] [01m[K/home/blor/ros2_ws2/src/chrono_sim/src/active_development/docking.cpp:14:42:[m[K [01;31m[Kerror: [m[Kâ€˜[01m[KCreate[m[Kâ€™ is not a member of â€˜[01m[Kchrono::ChBodyAuxRef[m[Kâ€™
[2.093s]    14 |     auto spirit1 = chrono::ChBodyAuxRef::[01;31m[KCreate[m[K();
[2.093s]       |                                          [01;31m[K^~~~~~[m[K
[2.093s] [01m[K/home/blor/ros2_ws2/src/chrono_sim/src/active_development/docking.cpp:15:39:[m[K [01;31m[Kerror: [m[Kwrong number of template arguments (0, should be 2)
[2.093s]    15 |     spirit1->SetPos(chrono::ChVectorN<[01;31m[K>[m[K(0, 0, 0));  // Position of spirit 1
[2.093s]       |                                       [01;31m[K^[m[K
[2.093s] In file included from [01m[K/usr/local/include/chrono/core/ChQuaternion.h:23[m[K,
[2.093s]                  from [01m[K/usr/local/include/chrono/core/ChCoordsys.h:16[m[K,
[2.093s]                  from [01m[K/usr/local/include/chrono/core/ChFrame.h:18[m[K,
[2.093s]                  from [01m[K/usr/local/include/chrono/physics/ChSystem.h:27[m[K,
[2.093s]                  from [01m[K/usr/local/include/chrono/physics/ChSystemNSC.h:23[m[K,
[2.093s]                  from [01m[K/home/blor/ros2_ws2/src/chrono_sim/src/active_development/docking.cpp:1[m[K:
[2.094s] [01m[K/usr/local/include/chrono/core/ChMatrix.h:122:7:[m[K [01;36m[Knote: [m[Kprovided for â€˜[01m[Ktemplate<class T, int N> using ChVectorN = Eigen::Matrix<Type, Size, 1>[m[Kâ€™
[2.094s]   122 | using [01;36m[KChVectorN[m[K = Eigen::Matrix<T, N, 1>;
[2.094s]       |       [01;36m[K^~~~~~~~~[m[K
[2.094s] [01m[K/home/blor/ros2_ws2/src/chrono_sim/src/active_development/docking.cpp:18:42:[m[K [01;31m[Kerror: [m[Kâ€˜[01m[KCreate[m[Kâ€™ is not a member of â€˜[01m[Kchrono::ChBodyAuxRef[m[Kâ€™
[2.094s]    18 |     auto spirit2 = chrono::ChBodyAuxRef::[01;31m[KCreate[m[K();
[2.094s]       |                                          [01;31m[K^~~~~~[m[K
[2.094s] [01m[K/home/blor/ros2_ws2/src/chrono_sim/src/active_development/docking.cpp:19:39:[m[K [01;31m[Kerror: [m[Kwrong number of template arguments (0, should be 2)
[2.094s]    19 |     spirit2->SetPos(chrono::ChVectorN<[01;31m[K>[m[K(5, 0, 0));  // Position of spirit 2
[2.094s]       |                                       [01;31m[K^[m[K
[2.094s] In file included from [01m[K/usr/local/include/chrono/core/ChQuaternion.h:23[m[K,
[2.094s]                  from [01m[K/usr/local/include/chrono/core/ChCoordsys.h:16[m[K,
[2.094s]                  from [01m[K/usr/local/include/chrono/core/ChFrame.h:18[m[K,
[2.094s]                  from [01m[K/usr/local/include/chrono/physics/ChSystem.h:27[m[K,
[2.094s]                  from [01m[K/usr/local/include/chrono/physics/ChSystemNSC.h:23[m[K,
[2.094s]                  from [01m[K/home/blor/ros2_ws2/src/chrono_sim/src/active_development/docking.cpp:1[m[K:
[2.094s] [01m[K/usr/local/include/chrono/core/ChMatrix.h:122:7:[m[K [01;36m[Knote: [m[Kprovided for â€˜[01m[Ktemplate<class T, int N> using ChVectorN = Eigen::Matrix<Type, Size, 1>[m[Kâ€™
[2.094s]   122 | using [01;36m[KChVectorN[m[K = Eigen::Matrix<T, N, 1>;
[2.094s]       |       [01;36m[K^~~~~~~~~[m[K
[2.094s] [01m[K/home/blor/ros2_ws2/src/chrono_sim/src/active_development/docking.cpp:23:37:[m[K [01;31m[Kerror: [m[Kâ€˜[01m[KCreate[m[Kâ€™ is not a member of â€˜[01m[Kchrono::ChLinkMate[m[Kâ€™
[2.094s]    23 |     auto arm1 = chrono::ChLinkMate::[01;31m[KCreate[m[K();
[2.094s]       |                                     [01;31m[K^~~~~~[m[K
[2.094s] [01m[K/home/blor/ros2_ws2/src/chrono_sim/src/active_development/docking.cpp:24:64:[m[K [01;31m[Kerror: [m[Kwrong number of template arguments (0, should be 2)
[2.094s]    24 |     arm1->Initialize(spirit1, spirit2, true, chrono::ChVectorN<[01;31m[K>[m[K(2, 0, 0), chrono::ChVectorN<>(2, 0, 0));
[2.094s]       |                                                                [01;31m[K^[m[K
[2.094s] In file included from [01m[K/usr/local/include/chrono/core/ChQuaternion.h:23[m[K,
[2.095s]                  from [01m[K/usr/local/include/chrono/core/ChCoordsys.h:16[m[K,
[2.095s]                  from [01m[K/usr/local/include/chrono/core/ChFrame.h:18[m[K,
[2.095s]                  from [01m[K/usr/local/include/chrono/physics/ChSystem.h:27[m[K,
[2.095s]                  from [01m[K/usr/local/include/chrono/physics/ChSystemNSC.h:23[m[K,
[2.095s]                  from [01m[K/home/blor/ros2_ws2/src/chrono_sim/src/active_development/docking.cpp:1[m[K:
[2.095s] [01m[K/usr/local/include/chrono/core/ChMatrix.h:122:7:[m[K [01;36m[Knote: [m[Kprovided for â€˜[01m[Ktemplate<class T, int N> using ChVectorN = Eigen::Matrix<Type, Size, 1>[m[Kâ€™
[2.095s]   122 | using [01;36m[KChVectorN[m[K = Eigen::Matrix<T, N, 1>;
[2.095s]       |       [01;36m[K^~~~~~~~~[m[K
[2.095s] [01m[K/home/blor/ros2_ws2/src/chrono_sim/src/active_development/docking.cpp:24:94:[m[K [01;31m[Kerror: [m[Kwrong number of template arguments (0, should be 2)
[2.095s]    24 |     arm1->Initialize(spirit1, spirit2, true, chrono::ChVectorN<>(2, 0, 0), chrono::ChVectorN<[01;31m[K>[m[K(2, 0, 0));
[2.095s]       |                                                                                              [01;31m[K^[m[K
[2.095s] In file included from [01m[K/usr/local/include/chrono/core/ChQuaternion.h:23[m[K,
[2.095s]                  from [01m[K/usr/local/include/chrono/core/ChCoordsys.h:16[m[K,
[2.095s]                  from [01m[K/usr/local/include/chrono/core/ChFrame.h:18[m[K,
[2.095s]                  from [01m[K/usr/local/include/chrono/physics/ChSystem.h:27[m[K,
[2.095s]                  from [01m[K/usr/local/include/chrono/physics/ChSystemNSC.h:23[m[K,
[2.095s]                  from [01m[K/home/blor/ros2_ws2/src/chrono_sim/src/active_development/docking.cpp:1[m[K:
[2.095s] [01m[K/usr/local/include/chrono/core/ChMatrix.h:122:7:[m[K [01;36m[Knote: [m[Kprovided for â€˜[01m[Ktemplate<class T, int N> using ChVectorN = Eigen::Matrix<Type, Size, 1>[m[Kâ€™
[2.095s]   122 | using [01;36m[KChVectorN[m[K = Eigen::Matrix<T, N, 1>;
[2.095s]       |       [01;36m[K^~~~~~~~~[m[K
[2.634s] gmake[2]: *** [CMakeFiles/docking.dir/build.make:76: CMakeFiles/docking.dir/src/active_development/docking.cpp.o] Error 1
[2.634s] gmake[1]: *** [CMakeFiles/Makefile2:559: CMakeFiles/docking.dir/all] Error 2
[2.634s] gmake: *** [Makefile:146: all] Error 2
[2.637s] Invoked command in '/home/blor/ros2_ws2/build/chrono_sim' returned '2': CMAKE_PREFIX_PATH=${CMAKE_PREFIX_PATH}:/opt/ros/humble /usr/bin/cmake --build /home/blor/ros2_ws2/build/chrono_sim -- -j16 -l16
