[01m[K/home/blor/ros2_ws2/src/chrono_sim/src/active_development/docking.cpp:[m[K In function â€˜[01m[Kint main(int, char**)[m[Kâ€™:
[01m[K/home/blor/ros2_ws2/src/chrono_sim/src/active_development/docking.cpp:15:42:[m[K [01;31m[Kerror: [m[Kâ€˜[01m[KCreate[m[Kâ€™ is not a member of â€˜[01m[Kchrono::ChBodyAuxRef[m[Kâ€™
   15 |     auto spirit1 = chrono::ChBodyAuxRef::[01;31m[KCreate[m[K();
      |                                          [01;31m[K^~~~~~[m[K
[01m[K/home/blor/ros2_ws2/src/chrono_sim/src/active_development/docking.cpp:19:42:[m[K [01;31m[Kerror: [m[Kâ€˜[01m[KCreate[m[Kâ€™ is not a member of â€˜[01m[Kchrono::ChBodyAuxRef[m[Kâ€™
   19 |     auto spirit2 = chrono::ChBodyAuxRef::[01;31m[KCreate[m[K();
      |                                          [01;31m[K^~~~~~[m[K
[01m[K/home/blor/ros2_ws2/src/chrono_sim/src/active_development/docking.cpp:24:37:[m[K [01;31m[Kerror: [m[Kâ€˜[01m[KCreate[m[Kâ€™ is not a member of â€˜[01m[Kchrono::ChLinkMate[m[Kâ€™
   24 |     auto arm1 = chrono::ChLinkMate::[01;31m[KCreate[m[K();
      |                                     [01;31m[K^~~~~~[m[K
gmake[2]: *** [CMakeFiles/docking.dir/build.make:76: CMakeFiles/docking.dir/src/active_development/docking.cpp.o] Error 1
gmake[1]: *** [CMakeFiles/Makefile2:559: CMakeFiles/docking.dir/all] Error 2
gmake: *** [Makefile:146: all] Error 2
