-- The C compiler identification is GNU 11.4.0
-- The CXX compiler identification is GNU 11.4.0
-- Detecting C compiler ABI info
-- Detecting C compiler ABI info - done
-- Check for working C compiler: /usr/bin/cc - skipped
-- Detecting C compile features
-- Detecting C compile features - done
-- Detecting CXX compiler ABI info
-- Detecting CXX compiler ABI info - done
-- Check for working CXX compiler: /usr/bin/c++ - skipped
-- Detecting CXX compile features
-- Detecting CXX compile features - done
-- Finding package Chrono...
--    Requested component Irrlicht (REQUIRED)
--    Requested component Vehicle (REQUIRED)
--    Requested component Parsers (REQUIRED)
--    Requested component Ros (REQUIRED)
--    CHRONO_CXX_FLAGS         (Compiler flags): ;-fopenmp;-march=native
--    CHRONO_C_FLAGS           (Compiler flags): ;-fopenmp;-march=native
--    CHRONO_LINKER_FLAGS      (Linker flags): -L/usr/local/lib
--    CHRONO_INCLUDE_DIRS      (Chrono include directories): /usr/local/include;/usr/local/include/chrono;/usr/local/include/chrono/collision/bullet;/usr/local/include/chrono/collision/gimpact;/usr/local/include/chrono_thirdparty/HACD;/usr/local/include/chrono_thirdparty/HACDv2;/usr/include/eigen3;/usr/local/cuda/include;/usr/include/irrlicht;;/opt/ros/humble/lib/x86_64-linux-gnu/urdfdom/cmake/../../../../include/urdfdom;/usr/include;/opt/ros/humble/lib/x86_64-linux-gnu/urdfdom_headers/cmake/../../../../include/urdfdom_headers;/usr/include;/home/blor/ros2_ws/install/turtlesim;/home/blor/ros2_ws/install/chrono_ros_interfaces;/home/blor/Downloads/turtlebot_gazebo_ws/install/turtlebot4_description;/home/blor/Downloads/turtlebot_gazebo_ws/install/turtlebot3_fake_node;/opt/ros/humble/include;/usr/include/python3.10;/home/blor/ros2_ws/install/turtlesim;/home/blor/ros2_ws/install/chrono_ros_interfaces;/home/blor/Downloads/turtlebot_gazebo_ws/install/turtlebot4_description;/home/blor/Downloads/turtlebot_gazebo_ws/install/turtlebot3_fake_node;/opt/ros/humble/include;/opt/ros/humble/include/rclcpp;/opt/ros/humble/include/ament_index_cpp;/opt/ros/humble/include/libstatistics_collector;/opt/ros/humble/include/rcl;/opt/ros/humble/include/rcpputils;/opt/ros/humble/include/rcutils;/opt/ros/humble/include/builtin_interfaces;/opt/ros/humble/include/rosgraph_msgs;/opt/ros/humble/include/rosidl_typesupport_cpp;/opt/ros/humble/include/rosidl_typesupport_c;/opt/ros/humble/include/rosidl_runtime_cpp;/opt/ros/humble/include/rcl_yaml_param_parser;/opt/ros/humble/include/statistics_msgs;/opt/ros/humble/include/tracetools;/opt/ros/humble/include/rosidl_runtime_c;/opt/ros/humble/include/rosidl_typesupport_interface;/opt/ros/humble/include/rosidl_typesupport_fastrtps_c;/opt/ros/humble/include/rosidl_typesupport_fastrtps_cpp;/opt/ros/humble/include/rmw;/opt/ros/humble/include/rcl_interfaces;/opt/ros/humble/include/rosidl_typesupport_introspection_c;/opt/ros/humble/include/rosidl_typesupport_introspection_cpp;/opt/ros/humble/include/std_msgs;/opt/ros/humble/include/geometry_msgs;/opt/ros/humble/include/sensor_msgs;/opt/ros/humble/include/tf2_ros;/opt/ros/humble/include/rclcpp_components;/opt/ros/humble/include/message_filters;/opt/ros/humble/include/rclcpp_action;/opt/ros/humble/include/tf2;/opt/ros/humble/include/tf2_msgs;/opt/ros/humble/include/action_msgs;/home/blor/ros2_ws/install/chrono_ros_interfaces/include/chrono_ros_interfaces
--    CHRONO_LIB_NAMES         (Chrono library names): ChronoEngine_ros;ChronoEngine_parsers;ChronoEngine_vehicle_irrlicht;ChronoModels_vehicle;ChronoEngine_vehicle;ChronoEngine_irrlicht;ChronoModels_robot;ChronoEngine
--    CHRONO_LIBRARIES         (Chrono libraries): /usr/lib/gcc/x86_64-linux-gnu/11/libgomp.so;/usr/lib/x86_64-linux-gnu/libpthread.a;;urdfdom::urdfdom_model;urdfdom::urdfdom_world;urdfdom::urdfdom_sensor;tinyxml2::tinyxml2;ChronoEngine;ChronoModels_robot;ChronoEngine_vehicle;ChronoModels_vehicle;ChronoEngine_parsers;/usr/local/lib/libChronoEngine_ros.so;/usr/local/lib/libChronoEngine_parsers.so;/usr/local/lib/libChronoEngine_vehicle_irrlicht.so;/usr/local/lib/libChronoModels_vehicle.so;/usr/local/lib/libChronoEngine_vehicle.so;/usr/local/lib/libChronoEngine_irrlicht.so;/usr/local/lib/libChronoModels_robot.so;/usr/local/lib/libChronoEngine.so
--    CHRONO_DATA_DIR          (Path to Chrono data folder): /usr/local/share/chrono/data/
--    CHRONO_VEHICLE_DATA_DIR  (Path to Chrono::Vehicle data folder): /usr/local/share/chrono/data/vehicle/
--    CHRONO_FSI_DATA_DIR      (Path to Chrono::FSI data folder): /usr/local/share/chrono/data/fsi/
-- Found ament_cmake: 1.3.10 (/opt/ros/humble/share/ament_cmake/cmake)
-- Found Python3: /usr/bin/python3 (found version "3.10.12") found components: Interpreter 
-- Found rclcpp: 16.0.10 (/opt/ros/humble/share/rclcpp/cmake)
-- Found rosidl_generator_c: 3.1.5 (/opt/ros/humble/share/rosidl_generator_c/cmake)
-- Found rosidl_adapter: 3.1.5 (/opt/ros/humble/share/rosidl_adapter/cmake)
-- Found rosidl_generator_cpp: 3.1.5 (/opt/ros/humble/share/rosidl_generator_cpp/cmake)
-- Using all available rosidl_typesupport_c: rosidl_typesupport_fastrtps_c;rosidl_typesupport_introspection_c
-- Using all available rosidl_typesupport_cpp: rosidl_typesupport_fastrtps_cpp;rosidl_typesupport_introspection_cpp
-- Found rmw_implementation_cmake: 6.1.2 (/opt/ros/humble/share/rmw_implementation_cmake/cmake)
-- Found rmw_fastrtps_cpp: 6.2.7 (/opt/ros/humble/share/rmw_fastrtps_cpp/cmake)
-- Found OpenSSL: /usr/lib/x86_64-linux-gnu/libcrypto.so (found version "3.0.2")  
-- Found FastRTPS: /opt/ros/humble/include  
-- Using RMW implementation 'rmw_fastrtps_cpp' as default
-- Looking for pthread.h
-- Looking for pthread.h - found
-- Performing Test CMAKE_HAVE_LIBC_PTHREAD
-- Performing Test CMAKE_HAVE_LIBC_PTHREAD - Success
-- Found Threads: TRUE  
-- Found std_srvs: 4.2.4 (/opt/ros/humble/share/std_srvs/cmake)
-- Found geometry_msgs: 4.2.4 (/opt/ros/humble/share/geometry_msgs/cmake)
-- Found tf2_ros: 0.25.7 (/opt/ros/humble/share/tf2_ros/cmake)
-- Configuring done
-- Generating done
-- Build files have been written to: /home/blor/ros2_ws2/build/chrono_sim
[  9%] [32mBuilding CXX object CMakeFiles/sim_tools.dir/src/sim_tools/Spirit.cpp.o[0m
[  9%] [32mBuilding CXX object CMakeFiles/sim_tools.dir/src/sim_tools/VariableSoilParams.cpp.o[0m
[  9%] [32mBuilding CXX object CMakeFiles/sim_tools.dir/src/sim_tools/RHex.cpp.o[0m
[  9%] [32mBuilding CXX object CMakeFiles/sim_tools.dir/src/sim_tools/PIDController.cpp.o[0m
[  9%] [32mBuilding CXX object CMakeFiles/sim_tools.dir/src/sim_tools/ROSRover.cpp.o[0m
[  9%] [32mBuilding CXX object CMakeFiles/sim_tools.dir/src/sim_tools/RHexFactory.cpp.o[0m
[  9%] [32mBuilding CXX object CMakeFiles/sim_tools.dir/src/sim_tools/Rover.cpp.o[0m
[ 12%] [32mBuilding CXX object CMakeFiles/sim_tools.dir/src/sim_tools/SpiritFactory.cpp.o[0m
[ 12%] [32mBuilding CXX object CMakeFiles/sim_tools.dir/src/sim_tools/Truss.cpp.o[0m
[ 14%] [32mBuilding CXX object CMakeFiles/sim_tools.dir/src/sim_tools/KDTree.cpp.o[0m
[ 15%] [32mBuilding CXX object CMakeFiles/sim_tools.dir/src/sim_tools/RoverFactory.cpp.o[0m
[ 16%] [32mBuilding CXX object CMakeFiles/sim_tools.dir/src/sim_tools/ROSRHex.cpp.o[0m
[ 18%] [32mBuilding CXX object CMakeFiles/sim_tools.dir/src/sim_tools/ROSSpirit.cpp.o[0m
[ 19%] [32mBuilding CXX object CMakeFiles/sim_tools.dir/src/sim_tools/HuskyFactory.cpp.o[0m
In file included from [01m[K/home/blor/ros2_ws2/src/chrono_sim/include/sim_tools/SpiritFactory.h:14[m[K,
                 from [01m[K/home/blor/ros2_ws2/src/chrono_sim/src/sim_tools/SpiritFactory.cpp:1[m[K:
[01m[K/home/blor/ros2_ws2/src/chrono_sim/include/sim_tools/Spirit.h:32:264:[m[K [01;31m[Kerror: [m[Kâ€˜[01m[KProbe[m[Kâ€™ was not declared in this scope
   32 |     Spirit(ChSystem* sys, std::shared_ptr<chrono::ChBody> body, std::vector<std::vector<std::shared_ptr<chrono::ChBody>>> leg_bodies, std::vector<std::vector<std::shared_ptr<chrono::ChLinkMotorRotationTorque>>> leg_motors, std::vector<Truss> trusses, std::vector<[01;31m[KProbe[m[K> probes,int spiritNum);
      |                                                                                                                                                                                                                                                                        [01;31m[K^~~~~[m[K
[01m[K/home/blor/ros2_ws2/src/chrono_sim/include/sim_tools/Spirit.h:32:269:[m[K [01;31m[Kerror: [m[Ktemplate argument 1 is invalid
   32 |     Spirit(ChSystem* sys, std::shared_ptr<chrono::ChBody> body, std::vector<std::vector<std::shared_ptr<chrono::ChBody>>> leg_bodies, std::vector<std::vector<std::shared_ptr<chrono::ChLinkMotorRotationTorque>>> leg_motors, std::vector<Truss> trusses, std::vector<Probe[01;31m[K>[m[K probes,int spiritNum);
      |                                                                                                                                                                                                                                                                             [01;31m[K^[m[K
[01m[K/home/blor/ros2_ws2/src/chrono_sim/include/sim_tools/Spirit.h:32:269:[m[K [01;31m[Kerror: [m[Ktemplate argument 2 is invalid
[01m[K/home/blor/ros2_ws2/src/chrono_sim/src/sim_tools/SpiritFactory.cpp:7:25:[m[K [01;31m[Kerror: [m[Kno declaration matches â€˜[01m[Kstd::unique_ptr<Spirit> SpiritFactory::BuildSpirit(const ChVector3d&, const chrono::ChQuaternion<double>&, const std::vector<chrono::ChVector3<double> >&)[m[Kâ€™
    7 | std::unique_ptr<Spirit> [01;31m[KSpiritFactory[m[K::BuildSpirit(const ChVector3d& Spirit_pos,  const ChQuaternion<>& orientation, const std::vector<ChVector3d>& truss_positions){
      |                         [01;31m[K^~~~~~~~~~~~~[m[K
In file included from [01m[K/home/blor/ros2_ws2/src/chrono_sim/src/sim_tools/SpiritFactory.cpp:1[m[K:
[01m[K/home/blor/ros2_ws2/src/chrono_sim/include/sim_tools/SpiritFactory.h:25:33:[m[K [01;36m[Knote: [m[Kcandidate is: â€˜[01m[Kstd::unique_ptr<Spirit> SpiritFactory::BuildSpirit(const ChVector3d&, const chrono::ChQuaternion<double>&, const std::vector<chrono::ChVector3<double> >&, const ChVector3d&)[m[Kâ€™
   25 |         std::unique_ptr<Spirit> [01;36m[KBuildSpirit[m[K(const ChVector3d& Spirit_pos, const ChQuaternion<>& orientation, const std::vector<ChVector3d>& truss_positions, const ChVector3d& Probe_pos);
      |                                 [01;36m[K^~~~~~~~~~~[m[K
[01m[K/home/blor/ros2_ws2/src/chrono_sim/include/sim_tools/SpiritFactory.h:22:7:[m[K [01;36m[Knote: [m[Kâ€˜[01m[Kclass SpiritFactory[m[Kâ€™ defined here
   22 | class [01;36m[KSpiritFactory[m[K {
      |       [01;36m[K^~~~~~~~~~~~~[m[K
In file included from [01m[K/home/blor/ros2_ws2/src/chrono_sim/src/sim_tools/Spirit.cpp:1[m[K:
[01m[K/home/blor/ros2_ws2/src/chrono_sim/include/sim_tools/Spirit.h:32:264:[m[K [01;31m[Kerror: [m[Kâ€˜[01m[KProbe[m[Kâ€™ was not declared in this scope
   32 | rque>>> leg_motors, std::vector<Truss> trusses, std::vector<[01;31m[KProbe[m[K> probes,int spiritNum);
      |                                                             [01;31m[K^~~~~[m[K

[01m[K/home/blor/ros2_ws2/src/chrono_sim/include/sim_tools/Spirit.h:32:269:[m[K [01;31m[Kerror: [m[Ktemplate argument 1 is invalid
   32 | >> leg_motors, std::vector<Truss> trusses, std::vector<Probe[01;31m[K>[m[K probes,int spiritNum);
      |                                                             [01;31m[K^[m[K

[01m[K/home/blor/ros2_ws2/src/chrono_sim/include/sim_tools/Spirit.h:32:269:[m[K [01;31m[Kerror: [m[Ktemplate argument 2 is invalid
[01m[K/home/blor/ros2_ws2/src/chrono_sim/src/sim_tools/Spirit.cpp:3:268:[m[K [01;31m[Kerror: [m[Kâ€˜[01m[KProbe[m[Kâ€™ was not declared in this scope
    3 | rque>>> leg_motors, std::vector<Truss> trusses, std::vector<[01;31m[KProbe[m[K> probes, int spiritNum){
      |                                                             [01;31m[K^~~~~[m[K

[01m[K/home/blor/ros2_ws2/src/chrono_sim/src/sim_tools/Spirit.cpp:3:273:[m[K [01;31m[Kerror: [m[Ktemplate argument 1 is invalid
    3 | >> leg_motors, std::vector<Truss> trusses, std::vector<Probe[01;31m[K>[m[K probes, int spiritNum){
      |                                                             [01;31m[K^[m[K

[01m[K/home/blor/ros2_ws2/src/chrono_sim/src/sim_tools/Spirit.cpp:3:273:[m[K [01;31m[Kerror: [m[Ktemplate argument 2 is invalid
[01m[K/home/blor/ros2_ws2/src/chrono_sim/src/sim_tools/Spirit.cpp:[m[K In constructor â€˜[01m[KSpirit::Spirit(chrono::ChSystem*, std::shared_ptr<chrono::ChBody>, std::vector<std::vector<std::shared_ptr<chrono::ChBody> > >, std::vector<std::vector<std::shared_ptr<chrono::ChLinkMotorRotationTorque> > >, std::vector<Truss>, int, int)[m[Kâ€™:
[01m[K/home/blor/ros2_ws2/src/chrono_sim/src/sim_tools/Spirit.cpp:9:5:[m[K [01;31m[Kerror: [m[Kâ€˜[01m[Kprobe[m[Kâ€™ was not declared in this scope; did you mean â€˜[01m[Kprobes[m[Kâ€™?
    9 |     [01;31m[Kprobe[m[K = probes[0];
      |     [01;31m[K^~~~~[m[K
      |     [32m[Kprobes[m[K
[01m[K/home/blor/ros2_ws2/src/chrono_sim/src/sim_tools/Spirit.cpp:9:19:[m[K [01;31m[Kerror: [m[Kinvalid types â€˜[01m[Kint[int][m[Kâ€™ for array subscript
    9 |     probe = probes[01;31m[K[[m[K0];
      |                   [01;31m[K^[m[K
[01m[K/home/blor/ros2_ws2/src/chrono_sim/src/sim_tools/Spirit.cpp:[m[K At global scope:
[01m[K/home/blor/ros2_ws2/src/chrono_sim/src/sim_tools/Spirit.cpp:51:6:[m[K [01;31m[Kerror: [m[Kno declaration matches â€˜[01m[Kvoid Spirit::MakeProbe(chrono::ChVector3d, chrono::ChVector3d)[m[Kâ€™
   51 | void [01;31m[KSpirit[m[K::MakeProbe(ChVector3d xpos, ChVector3d ypos){
      |      [01;31m[K^~~~~~[m[K
[01m[K/home/blor/ros2_ws2/src/chrono_sim/src/sim_tools/Spirit.cpp:51:6:[m[K [01;36m[Knote: [m[Kno functions named â€˜[01m[Kvoid Spirit::MakeProbe(chrono::ChVector3d, chrono::ChVector3d)[m[Kâ€™
In file included from [01m[K/home/blor/ros2_ws2/src/chrono_sim/src/sim_tools/Spirit.cpp:1[m[K:
[01m[K/home/blor/ros2_ws2/src/chrono_sim/include/sim_tools/Spirit.h:16:7:[m[K [01;36m[Knote: [m[Kâ€˜[01m[Kclass Spirit[m[Kâ€™ defined here
   16 | class [01;36m[KSpirit[m[K {
      |       [01;36m[K^~~~~~[m[K
gmake[2]: *** [CMakeFiles/sim_tools.dir/build.make:188: CMakeFiles/sim_tools.dir/src/sim_tools/SpiritFactory.cpp.o] Error 1
gmake[2]: *** Waiting for unfinished jobs....
gmake[2]: *** [CMakeFiles/sim_tools.dir/build.make:76: CMakeFiles/sim_tools.dir/src/sim_tools/Spirit.cpp.o] Error 1
gmake[1]: *** [CMakeFiles/Makefile2:193: CMakeFiles/sim_tools.dir/all] Error 2
gmake: *** [Makefile:146: all] Error 2
